[master 4aaf7e6] Hourly commit: $(date)
 8 files changed, 170 insertions(+), 1 deletion(-)
 create mode 100644 context/project_state_20251026_1600_resumed_work.json
 create mode 100644 context/project_state_20251026_1630_all_tasks_completed.json
 create mode 100644 git_commit_monitor.log
 create mode 100755 git_commit_monitor.sh
 create mode 100644 hourly_commit.log
 create mode 100755 hourly_git_commit.sh
 create mode 100644 monitor_nohup.log
To https://github.com/Joeputin100/refactored_manga_lookup_tool.git
   41bc209..4aaf7e6  master -> master
[master d724fab] Hourly commit: $(date)
 3 files changed, 13 insertions(+)
To https://github.com/Joeputin100/refactored_manga_lookup_tool.git
   4aaf7e6..d724fab  master -> master
[master c4dc770] Hourly commit: $(date)
 3 files changed, 6 insertions(+)
To https://github.com/Joeputin100/refactored_manga_lookup_tool.git
   d724fab..c4dc770  master -> master
[master a5a6636] Hourly commit: $(date)
 3 files changed, 6 insertions(+)
To https://github.com/Joeputin100/refactored_manga_lookup_tool.git
   c4dc770..a5a6636  master -> master
[master c714c50] Hourly commit: $(date)
 3 files changed, 6 insertions(+)
To https://github.com/Joeputin100/refactored_manga_lookup_tool.git
   a5a6636..c714c50  master -> master
[master 11dee02] Hourly commit: $(date)
 3 files changed, 6 insertions(+)
To https://github.com/Joeputin100/refactored_manga_lookup_tool.git
   c714c50..11dee02  master -> master
[master b9c7452] Hourly commit: $(date)
 3 files changed, 6 insertions(+)
To https://github.com/Joeputin100/refactored_manga_lookup_tool.git
   11dee02..b9c7452  master -> master
[master 5d7f3b8] Hourly commit: $(date)
 3 files changed, 6 insertions(+)
To https://github.com/Joeputin100/refactored_manga_lookup_tool.git
   b9c7452..5d7f3b8  master -> master
[master d6ce7f3] Hourly commit: $(date)
 3 files changed, 6 insertions(+)
To https://github.com/Joeputin100/refactored_manga_lookup_tool.git
   5d7f3b8..d6ce7f3  master -> master
